2025-08-29 15:17:41 - experiment_asso_3a81ff3f_svm_camel-1.6_20250829_151741 - WARNING - MLflow not installed, proceeding without MLflow tracking
2025-08-29 15:17:41 - experiment_asso_3a81ff3f_svm_camel-1.6_20250829_151741 - INFO - ================================================================================
2025-08-29 15:17:41 - experiment_asso_3a81ff3f_svm_camel-1.6_20250829_151741 - INFO - STARTING ML EXPERIMENT: asso_3a81ff3f_svm_camel-1.6_20250829_151741
2025-08-29 15:17:41 - experiment_asso_3a81ff3f_svm_camel-1.6_20250829_151741 - INFO - Dataset: camel-1.6
2025-08-29 15:17:41 - experiment_asso_3a81ff3f_svm_camel-1.6_20250829_151741 - INFO - Model: svm
2025-08-29 15:17:41 - experiment_asso_3a81ff3f_svm_camel-1.6_20250829_151741 - INFO - HPO Method: asso
2025-08-29 15:17:41 - experiment_asso_3a81ff3f_svm_camel-1.6_20250829_151741 - INFO - Start Time: 2025-08-29 15:17:41.407600
2025-08-29 15:17:41 - experiment_asso_3a81ff3f_svm_camel-1.6_20250829_151741 - INFO - ================================================================================
2025-08-29 15:17:41 - experiment_asso_3a81ff3f_svm_camel-1.6_20250829_151741 - INFO - Loading camel-1.6.csv dataset from data/PROMISE/interim
2025-08-29 15:17:41 - experiment_asso_3a81ff3f_svm_camel-1.6_20250829_151741 - INFO - Dataset loaded succesufully
2025-08-29 15:17:41 - experiment_asso_3a81ff3f_svm_camel-1.6_20250829_151741 - INFO - 
2025-08-29 15:17:41 - experiment_asso_3a81ff3f_svm_camel-1.6_20250829_151741 - INFO - Handelling missing values: No missing values found
2025-08-29 15:17:41 - experiment_asso_3a81ff3f_svm_camel-1.6_20250829_151741 - INFO - Separating the features and target variable from the DataFrame
2025-08-29 15:17:41 - experiment_asso_3a81ff3f_svm_camel-1.6_20250829_151741 - WARNING - Feature selection: Disabled in config, proceed without feature selction
2025-08-29 15:17:41 - experiment_asso_3a81ff3f_svm_camel-1.6_20250829_151741 - INFO - Scaling numeric features using standard method
2025-08-29 15:17:41 - experiment_asso_3a81ff3f_svm_camel-1.6_20250829_151741 - INFO - Encoding Target
2025-08-29 15:17:41 - experiment_asso_3a81ff3f_svm_camel-1.6_20250829_151741 - INFO - --------------------------------------------------------------------------------
2025-08-29 15:17:41 - experiment_asso_3a81ff3f_svm_camel-1.6_20250829_151741 - INFO - Starting SSO (ASSO baseline)
2025-08-29 15:17:41 - experiment_asso_3a81ff3f_svm_camel-1.6_20250829_151741 - INFO - Model: <src.models.svm.SVM_Wrapper object at 0x7f738a2ba8b0>
2025-08-29 15:17:41 - experiment_asso_3a81ff3f_svm_camel-1.6_20250829_151741 - INFO - Max iterations: 40, Number of salps: 30
2025-08-29 15:17:41 - experiment_asso_3a81ff3f_svm_camel-1.6_20250829_151741 - INFO - Strategy: basic
2025-08-29 15:17:41 - experiment_asso_3a81ff3f_svm_camel-1.6_20250829_151741 - INFO - Transformation function: baseline
2025-08-29 15:17:41 - experiment_asso_3a81ff3f_svm_camel-1.6_20250829_151741 - INFO - Initialization: evaluating 30 salps
2025-08-29 15:17:42 - experiment_asso_3a81ff3f_svm_camel-1.6_20250829_151741 - INFO - Salp 1: 0.5615010112633203 - New best
2025-08-29 15:17:42 - experiment_asso_3a81ff3f_svm_camel-1.6_20250829_151741 - INFO - Salp 2: 0.6943408669215122
2025-08-29 15:17:43 - experiment_asso_3a81ff3f_svm_camel-1.6_20250829_151741 - INFO - Salp 3: 0.6367844061901786
2025-08-29 15:17:43 - experiment_asso_3a81ff3f_svm_camel-1.6_20250829_151741 - INFO - Salp 4: 0.6551949638027736
2025-08-29 15:17:45 - experiment_asso_3a81ff3f_svm_camel-1.6_20250829_151741 - INFO - Salp 5: 0.7100017530917362
2025-08-29 15:17:46 - experiment_asso_3a81ff3f_svm_camel-1.6_20250829_151741 - INFO - Salp 6: 0.6449102687642586
2025-08-29 15:17:46 - experiment_asso_3a81ff3f_svm_camel-1.6_20250829_151741 - INFO - Salp 7: 0.6643306542797205
2025-08-29 15:17:47 - experiment_asso_3a81ff3f_svm_camel-1.6_20250829_151741 - INFO - Salp 8: 0.69237906314307
2025-08-29 15:17:48 - experiment_asso_3a81ff3f_svm_camel-1.6_20250829_151741 - INFO - Salp 9: 0.6637132012514015
2025-08-29 15:17:48 - experiment_asso_3a81ff3f_svm_camel-1.6_20250829_151741 - INFO - Salp 10: 0.6784754926011293
2025-08-29 15:18:48 - experiment_asso_3a81ff3f_svm_camel-1.6_20250829_151741 - INFO - Salp 11: -inf - New best
2025-08-29 15:19:48 - experiment_asso_3a81ff3f_svm_camel-1.6_20250829_151741 - INFO - Salp 12: -inf
2025-08-29 15:19:50 - experiment_asso_3a81ff3f_svm_camel-1.6_20250829_151741 - INFO - Salp 13: 0.6711236729742672
2025-08-29 15:19:51 - experiment_asso_3a81ff3f_svm_camel-1.6_20250829_151741 - INFO - Salp 14: 0.7108264121506906
2025-08-29 15:19:52 - experiment_asso_3a81ff3f_svm_camel-1.6_20250829_151741 - INFO - Salp 15: 0.673252079296222
2025-08-29 15:19:53 - experiment_asso_3a81ff3f_svm_camel-1.6_20250829_151741 - INFO - Salp 16: 0.6782256593801586
2025-08-29 15:19:53 - experiment_asso_3a81ff3f_svm_camel-1.6_20250829_151741 - INFO - Salp 17: 0.4606411962439127
2025-08-29 15:19:54 - experiment_asso_3a81ff3f_svm_camel-1.6_20250829_151741 - INFO - Salp 18: 0.6208886057273154
