2025-09-23 22:06:15 - experiment_asso_3a81ff3f_svm_camel-1.6_20250923_220614 - INFO - MLflow tracking enabled: mlruns
2025-09-23 22:06:15 - experiment_asso_3a81ff3f_svm_camel-1.6_20250923_220614 - INFO - ================================================================================
2025-09-23 22:06:15 - experiment_asso_3a81ff3f_svm_camel-1.6_20250923_220614 - INFO - STARTING ML EXPERIMENT: asso_3a81ff3f_svm_camel-1.6_20250923_220614
2025-09-23 22:06:15 - experiment_asso_3a81ff3f_svm_camel-1.6_20250923_220614 - INFO - Dataset: camel-1.6
2025-09-23 22:06:15 - experiment_asso_3a81ff3f_svm_camel-1.6_20250923_220614 - INFO - Model: svm
2025-09-23 22:06:15 - experiment_asso_3a81ff3f_svm_camel-1.6_20250923_220614 - INFO - HPO Method: asso
2025-09-23 22:06:15 - experiment_asso_3a81ff3f_svm_camel-1.6_20250923_220614 - INFO - Start Time: 2025-09-23 22:06:15.429021
2025-09-23 22:06:15 - experiment_asso_3a81ff3f_svm_camel-1.6_20250923_220614 - INFO - ================================================================================
2025-09-23 22:06:15 - experiment_asso_3a81ff3f_svm_camel-1.6_20250923_220614 - INFO - Loading camel-1.6.csv dataset from data/PROMISE/interim
2025-09-23 22:06:15 - experiment_asso_3a81ff3f_svm_camel-1.6_20250923_220614 - INFO - Dataset loaded succesufully
2025-09-23 22:06:15 - experiment_asso_3a81ff3f_svm_camel-1.6_20250923_220614 - INFO - 
2025-09-23 22:06:15 - experiment_asso_3a81ff3f_svm_camel-1.6_20250923_220614 - INFO - Handelling missing values: No missing values found
2025-09-23 22:06:15 - experiment_asso_3a81ff3f_svm_camel-1.6_20250923_220614 - INFO - Separating the features and target variable from the DataFrame
2025-09-23 22:06:15 - experiment_asso_3a81ff3f_svm_camel-1.6_20250923_220614 - WARNING - Feature selection: Disabled in config, proceed without feature selction
2025-09-23 22:06:15 - experiment_asso_3a81ff3f_svm_camel-1.6_20250923_220614 - INFO - Scaling numeric features using standard method
2025-09-23 22:06:15 - experiment_asso_3a81ff3f_svm_camel-1.6_20250923_220614 - INFO - Encoding Target
2025-09-23 22:06:15 - experiment_asso_3a81ff3f_svm_camel-1.6_20250923_220614 - INFO - --------------------------------------------------------------------------------
2025-09-23 22:06:15 - experiment_asso_3a81ff3f_svm_camel-1.6_20250923_220614 - INFO - Starting SSO (ASSO baseline)
2025-09-23 22:06:15 - experiment_asso_3a81ff3f_svm_camel-1.6_20250923_220614 - INFO - Model: <src.models.svm.SVM_Wrapper object at 0x7fc3386ca570>
2025-09-23 22:06:15 - experiment_asso_3a81ff3f_svm_camel-1.6_20250923_220614 - INFO - Max iterations: 40, Number of salps: 30
2025-09-23 22:06:15 - experiment_asso_3a81ff3f_svm_camel-1.6_20250923_220614 - INFO - Strategy: basic
2025-09-23 22:06:15 - experiment_asso_3a81ff3f_svm_camel-1.6_20250923_220614 - INFO - Transformation function: baseline
2025-09-23 22:06:15 - experiment_asso_3a81ff3f_svm_camel-1.6_20250923_220614 - INFO - Initialization: evaluating 30 salps
2025-09-23 22:06:18 - experiment_asso_3a81ff3f_svm_camel-1.6_20250923_220614 - INFO - Salp 1: 0.5615010112633203 - New best
2025-09-23 22:06:19 - experiment_asso_3a81ff3f_svm_camel-1.6_20250923_220614 - INFO - Salp 2: 0.6943408669215122 - New best
2025-09-23 22:06:21 - experiment_asso_3a81ff3f_svm_camel-1.6_20250923_220614 - INFO - Salp 3: 0.6367844061901786
2025-09-23 22:06:23 - experiment_asso_3a81ff3f_svm_camel-1.6_20250923_220614 - INFO - Salp 4: 0.6551949638027736
2025-09-23 22:06:27 - experiment_asso_3a81ff3f_svm_camel-1.6_20250923_220614 - INFO - Salp 5: 0.7100017530917362 - New best
2025-09-23 22:06:29 - experiment_asso_3a81ff3f_svm_camel-1.6_20250923_220614 - INFO - Salp 6: 0.6449102687642586
2025-09-23 22:06:31 - experiment_asso_3a81ff3f_svm_camel-1.6_20250923_220614 - INFO - Salp 7: 0.6643306542797205
2025-09-23 22:06:32 - experiment_asso_3a81ff3f_svm_camel-1.6_20250923_220614 - INFO - Salp 8: 0.69237906314307
2025-09-23 22:06:34 - experiment_asso_3a81ff3f_svm_camel-1.6_20250923_220614 - INFO - Salp 9: 0.6637132012514015
2025-09-23 22:06:36 - experiment_asso_3a81ff3f_svm_camel-1.6_20250923_220614 - INFO - Salp 10: 0.6784754926011293
2025-09-23 22:06:46 - experiment_asso_3a81ff3f_svm_camel-1.6_20250923_220614 - INFO - Salp 11: -inf
2025-09-23 22:06:56 - experiment_asso_3a81ff3f_svm_camel-1.6_20250923_220614 - INFO - Salp 12: -inf
2025-09-23 22:06:58 - experiment_asso_3a81ff3f_svm_camel-1.6_20250923_220614 - INFO - Salp 13: 0.6711236729742672
2025-09-23 22:07:00 - experiment_asso_3a81ff3f_svm_camel-1.6_20250923_220614 - INFO - Salp 14: 0.7108264121506906 - New best
2025-09-23 22:07:02 - experiment_asso_3a81ff3f_svm_camel-1.6_20250923_220614 - INFO - Salp 15: 0.673252079296222
2025-09-23 22:07:03 - experiment_asso_3a81ff3f_svm_camel-1.6_20250923_220614 - INFO - Salp 16: 0.6782256593801586
2025-09-23 22:07:04 - experiment_asso_3a81ff3f_svm_camel-1.6_20250923_220614 - INFO - Salp 17: 0.4606411962439127
2025-09-23 22:07:07 - experiment_asso_3a81ff3f_svm_camel-1.6_20250923_220614 - INFO - Salp 18: 0.6208886057273154
2025-09-23 22:07:14 - experiment_asso_3a81ff3f_svm_camel-1.6_20250923_220614 - INFO - Salp 19: 0.5856147292649839
2025-09-23 22:07:14 - experiment_asso_3a81ff3f_svm_camel-1.6_20250923_220614 - INFO - Salp 20: 0.4641934307299332
2025-09-23 22:07:16 - experiment_asso_3a81ff3f_svm_camel-1.6_20250923_220614 - INFO - Salp 21: 0.6659376864130684
2025-09-23 22:07:18 - experiment_asso_3a81ff3f_svm_camel-1.6_20250923_220614 - INFO - Salp 22: 0.6475982996186731
2025-09-23 22:07:19 - experiment_asso_3a81ff3f_svm_camel-1.6_20250923_220614 - INFO - Salp 23: 0.7015237190958753
2025-09-23 22:07:20 - experiment_asso_3a81ff3f_svm_camel-1.6_20250923_220614 - INFO - Salp 24: 0.6683298683298683
2025-09-23 22:07:22 - experiment_asso_3a81ff3f_svm_camel-1.6_20250923_220614 - INFO - Salp 25: 0.6946451989406149
2025-09-23 22:07:32 - experiment_asso_3a81ff3f_svm_camel-1.6_20250923_220614 - INFO - Salp 26: -inf
2025-09-23 22:07:34 - experiment_asso_3a81ff3f_svm_camel-1.6_20250923_220614 - INFO - Salp 27: 0.6636771628622223
2025-09-23 22:07:38 - experiment_asso_3a81ff3f_svm_camel-1.6_20250923_220614 - INFO - Salp 28: 0.6221521495375485
2025-09-23 22:07:41 - experiment_asso_3a81ff3f_svm_camel-1.6_20250923_220614 - INFO - Salp 29: 0.6017222302621283
2025-09-23 22:07:42 - experiment_asso_3a81ff3f_svm_camel-1.6_20250923_220614 - INFO - Salp 30: 0.43601616374112134
2025-09-23 22:07:42 - experiment_asso_3a81ff3f_svm_camel-1.6_20250923_220614 - INFO - Iteration 1/40: current best: 0.7108264121506906
2025-09-23 22:07:45 - experiment_asso_3a81ff3f_svm_camel-1.6_20250923_220614 - INFO - Salp 1: 0.6141279721670214
2025-09-23 22:07:46 - experiment_asso_3a81ff3f_svm_camel-1.6_20250923_220614 - INFO - Salp 2: 0.6744446993682987
2025-09-23 22:07:47 - experiment_asso_3a81ff3f_svm_camel-1.6_20250923_220614 - INFO - Salp 3: 0.5108257885677241
2025-09-23 22:07:57 - experiment_asso_3a81ff3f_svm_camel-1.6_20250923_220614 - INFO - Salp 4: -inf
2025-09-23 22:07:58 - experiment_asso_3a81ff3f_svm_camel-1.6_20250923_220614 - INFO - Salp 5: 0.70840096855377
2025-09-23 22:08:08 - experiment_asso_3a81ff3f_svm_camel-1.6_20250923_220614 - INFO - Salp 6: -inf
2025-09-23 22:08:10 - experiment_asso_3a81ff3f_svm_camel-1.6_20250923_220614 - INFO - Salp 7: 0.6339431621774576
2025-09-23 22:08:11 - experiment_asso_3a81ff3f_svm_camel-1.6_20250923_220614 - INFO - Salp 8: 0.6063693176002174
2025-09-23 22:08:14 - experiment_asso_3a81ff3f_svm_camel-1.6_20250923_220614 - INFO - Salp 9: 0.6592316634252118
2025-09-23 22:08:17 - experiment_asso_3a81ff3f_svm_camel-1.6_20250923_220614 - INFO - Salp 10: 0.6430316486004093
2025-09-23 22:08:18 - experiment_asso_3a81ff3f_svm_camel-1.6_20250923_220614 - INFO - Salp 11: 0.5589122712891813
2025-09-23 22:08:19 - experiment_asso_3a81ff3f_svm_camel-1.6_20250923_220614 - INFO - Salp 12: 0.6744446993682987
2025-09-23 22:08:20 - experiment_asso_3a81ff3f_svm_camel-1.6_20250923_220614 - INFO - Salp 13: 0.6744446993682987
2025-09-23 22:08:21 - experiment_asso_3a81ff3f_svm_camel-1.6_20250923_220614 - INFO - Salp 14: 0.5120523644971862
2025-09-23 22:08:22 - experiment_asso_3a81ff3f_svm_camel-1.6_20250923_220614 - INFO - Salp 15: 0.4903148858666686
2025-09-23 22:08:24 - experiment_asso_3a81ff3f_svm_camel-1.6_20250923_220614 - INFO - Salp 16: 0.7009506934124932
2025-09-23 22:08:25 - experiment_asso_3a81ff3f_svm_camel-1.6_20250923_220614 - INFO - Salp 17: 0.6638214929046848
2025-09-23 22:08:26 - experiment_asso_3a81ff3f_svm_camel-1.6_20250923_220614 - INFO - Salp 18: 0.49734757220325976
2025-09-23 22:08:28 - experiment_asso_3a81ff3f_svm_camel-1.6_20250923_220614 - INFO - Salp 19: 0.622244639833774
2025-09-23 22:08:29 - experiment_asso_3a81ff3f_svm_camel-1.6_20250923_220614 - INFO - Salp 20: 0.46289943724578697
2025-09-23 22:08:31 - experiment_asso_3a81ff3f_svm_camel-1.6_20250923_220614 - INFO - Salp 21: 0.6880632571973827
2025-09-23 22:08:32 - experiment_asso_3a81ff3f_svm_camel-1.6_20250923_220614 - INFO - Salp 22: 0.5101658848348152
2025-09-23 22:08:34 - experiment_asso_3a81ff3f_svm_camel-1.6_20250923_220614 - INFO - Salp 23: 0.6491956132703162
2025-09-23 22:08:35 - experiment_asso_3a81ff3f_svm_camel-1.6_20250923_220614 - INFO - Salp 24: 0.7016302694231388
2025-09-23 22:08:36 - experiment_asso_3a81ff3f_svm_camel-1.6_20250923_220614 - INFO - Salp 25: 0.479771650977084
2025-09-23 22:08:37 - experiment_asso_3a81ff3f_svm_camel-1.6_20250923_220614 - INFO - Salp 26: 0.5186351886691445
2025-09-23 22:08:39 - experiment_asso_3a81ff3f_svm_camel-1.6_20250923_220614 - INFO - Salp 27: 0.6854208890881217
2025-09-23 22:08:40 - experiment_asso_3a81ff3f_svm_camel-1.6_20250923_220614 - INFO - Salp 28: 0.6965575984761043
2025-09-23 22:08:42 - experiment_asso_3a81ff3f_svm_camel-1.6_20250923_220614 - INFO - Salp 29: 0.6704209537995616
2025-09-23 22:08:43 - experiment_asso_3a81ff3f_svm_camel-1.6_20250923_220614 - INFO - Salp 30: 0.6912542371286005
2025-09-23 22:08:43 - experiment_asso_3a81ff3f_svm_camel-1.6_20250923_220614 - INFO - Iteration 2/40: current best: 0.7108264121506906
2025-09-23 22:08:45 - experiment_asso_3a81ff3f_svm_camel-1.6_20250923_220614 - INFO - Salp 1: 0.7059201084328419
2025-09-23 22:08:55 - experiment_asso_3a81ff3f_svm_camel-1.6_20250923_220614 - INFO - Salp 2: -inf
2025-09-23 22:08:57 - experiment_asso_3a81ff3f_svm_camel-1.6_20250923_220614 - INFO - Salp 3: 0.6637478512860516
2025-09-23 22:08:59 - experiment_asso_3a81ff3f_svm_camel-1.6_20250923_220614 - INFO - Salp 4: 0.6616200803127799
2025-09-23 22:09:02 - experiment_asso_3a81ff3f_svm_camel-1.6_20250923_220614 - INFO - Salp 5: 0.7011869960596616
