2025-08-22 21:05:42 - experiment_sso_3a81ff3f_svm_camel-1.6_20250822_210542 - WARNING - MLflow not installed, proceeding without MLflow tracking
2025-08-22 21:05:42 - experiment_sso_3a81ff3f_svm_camel-1.6_20250822_210542 - INFO - ================================================================================
2025-08-22 21:05:42 - experiment_sso_3a81ff3f_svm_camel-1.6_20250822_210542 - INFO - STARTING ML EXPERIMENT: sso_3a81ff3f_svm_camel-1.6_20250822_210542
2025-08-22 21:05:42 - experiment_sso_3a81ff3f_svm_camel-1.6_20250822_210542 - INFO - Dataset: camel-1.6
2025-08-22 21:05:42 - experiment_sso_3a81ff3f_svm_camel-1.6_20250822_210542 - INFO - Model: svm
2025-08-22 21:05:42 - experiment_sso_3a81ff3f_svm_camel-1.6_20250822_210542 - INFO - HPO Method: sso
2025-08-22 21:05:42 - experiment_sso_3a81ff3f_svm_camel-1.6_20250822_210542 - INFO - Start Time: 2025-08-22 21:05:42.565483
2025-08-22 21:05:42 - experiment_sso_3a81ff3f_svm_camel-1.6_20250822_210542 - INFO - ================================================================================
2025-08-22 21:05:42 - experiment_sso_3a81ff3f_svm_camel-1.6_20250822_210542 - INFO - Loading camel-1.6.csv dataset from data/PROMISE/interim
2025-08-22 21:05:42 - experiment_sso_3a81ff3f_svm_camel-1.6_20250822_210542 - INFO - Dataset loaded succesufully
2025-08-22 21:05:42 - experiment_sso_3a81ff3f_svm_camel-1.6_20250822_210542 - INFO - 
2025-08-22 21:05:42 - experiment_sso_3a81ff3f_svm_camel-1.6_20250822_210542 - INFO - Handelling missing values: No missing values found
2025-08-22 21:05:42 - experiment_sso_3a81ff3f_svm_camel-1.6_20250822_210542 - INFO - Separating the features and target variable from the DataFrame
2025-08-22 21:05:42 - experiment_sso_3a81ff3f_svm_camel-1.6_20250822_210542 - WARNING - Feature selection: Disabled in config, proceed without feature selction
2025-08-22 21:05:42 - experiment_sso_3a81ff3f_svm_camel-1.6_20250822_210542 - INFO - Scaling numeric features using standard method
2025-08-22 21:05:42 - experiment_sso_3a81ff3f_svm_camel-1.6_20250822_210542 - INFO - Encoding Target
2025-08-22 21:05:42 - experiment_sso_3a81ff3f_svm_camel-1.6_20250822_210542 - INFO - --------------------------------------------------------------------------------
2025-08-22 21:05:42 - experiment_sso_3a81ff3f_svm_camel-1.6_20250822_210542 - INFO - Starting ASSO (Amended Salp Swarm Optimizer)
2025-08-22 21:05:42 - experiment_sso_3a81ff3f_svm_camel-1.6_20250822_210542 - INFO - Model: <src.models.svm.SVM_Wrapper object at 0x7f88505762c0>
2025-08-22 21:05:42 - experiment_sso_3a81ff3f_svm_camel-1.6_20250822_210542 - INFO - Max iterations: 40, Number of salps: 30
2025-08-22 21:05:42 - experiment_sso_3a81ff3f_svm_camel-1.6_20250822_210542 - INFO - Transformation function: baseline
