2025-08-20 00:16:28 - experiment_sso_3a81ff3f_svm_camel-1.4_20250820_001627 - INFO - MLflow tracking enabled: mlruns
2025-08-20 00:16:28 - experiment_sso_3a81ff3f_svm_camel-1.4_20250820_001627 - INFO - ================================================================================
2025-08-20 00:16:28 - experiment_sso_3a81ff3f_svm_camel-1.4_20250820_001627 - INFO - STARTING ML EXPERIMENT: sso_3a81ff3f_svm_camel-1.4_20250820_001627
2025-08-20 00:16:28 - experiment_sso_3a81ff3f_svm_camel-1.4_20250820_001627 - INFO - Dataset: camel-1.4
2025-08-20 00:16:28 - experiment_sso_3a81ff3f_svm_camel-1.4_20250820_001627 - INFO - Model: svm
2025-08-20 00:16:28 - experiment_sso_3a81ff3f_svm_camel-1.4_20250820_001627 - INFO - HPO Method: sso
2025-08-20 00:16:28 - experiment_sso_3a81ff3f_svm_camel-1.4_20250820_001627 - INFO - Start Time: 2025-08-20 00:16:28.031421
2025-08-20 00:16:28 - experiment_sso_3a81ff3f_svm_camel-1.4_20250820_001627 - INFO - ================================================================================
2025-08-20 00:16:28 - experiment_sso_3a81ff3f_svm_camel-1.4_20250820_001627 - INFO - Loading camel-1.4.csv dataset from data/PROMISE/interim
2025-08-20 00:16:28 - experiment_sso_3a81ff3f_svm_camel-1.4_20250820_001627 - INFO - Dataset loaded succesufully
2025-08-20 00:16:28 - experiment_sso_3a81ff3f_svm_camel-1.4_20250820_001627 - INFO - 
2025-08-20 00:16:28 - experiment_sso_3a81ff3f_svm_camel-1.4_20250820_001627 - INFO - Handelling missing values: No missing values found
2025-08-20 00:16:28 - experiment_sso_3a81ff3f_svm_camel-1.4_20250820_001627 - INFO - Separating the features and target variable from the DataFrame
2025-08-20 00:16:28 - experiment_sso_3a81ff3f_svm_camel-1.4_20250820_001627 - WARNING - Feature selection: Disabled in config, proceed without feature selction
2025-08-20 00:16:28 - experiment_sso_3a81ff3f_svm_camel-1.4_20250820_001627 - INFO - Scaling numeric features using standard method
2025-08-20 00:16:28 - experiment_sso_3a81ff3f_svm_camel-1.4_20250820_001627 - INFO - Encoding Target
2025-08-20 00:16:28 - experiment_sso_3a81ff3f_svm_camel-1.4_20250820_001627 - INFO - --------------------------------------------------------------------------------
2025-08-20 00:16:28 - experiment_sso_3a81ff3f_svm_camel-1.4_20250820_001627 - INFO - Starting SSO
2025-08-20 00:16:28 - experiment_sso_3a81ff3f_svm_camel-1.4_20250820_001627 - INFO - Model: <src.models.svm.SVM_Wrapper object at 0x7fe4e8034340>
2025-08-20 00:16:28 - experiment_sso_3a81ff3f_svm_camel-1.4_20250820_001627 - INFO - Max interations: 40, Number of salps: 30
2025-08-20 00:16:28 - experiment_sso_3a81ff3f_svm_camel-1.4_20250820_001627 - INFO - Strategy: basic
2025-08-20 00:16:28 - experiment_sso_3a81ff3f_svm_camel-1.4_20250820_001627 - INFO - Transfomation function: baseline
2025-08-20 00:16:28 - experiment_sso_3a81ff3f_svm_camel-1.4_20250820_001627 - INFO - Iteration 1/40: current best: -inf
2025-08-20 00:16:28 - experiment_sso_3a81ff3f_svm_camel-1.4_20250820_001627 - INFO - Salp 1: 0.5787969312462333 -New best
2025-08-20 00:16:29 - experiment_sso_3a81ff3f_svm_camel-1.4_20250820_001627 - INFO - Salp 2: 0.7181958855244084 -New best
2025-08-20 00:16:29 - experiment_sso_3a81ff3f_svm_camel-1.4_20250820_001627 - INFO - Salp 3: 0.6858439887283567
2025-08-20 00:16:30 - experiment_sso_3a81ff3f_svm_camel-1.4_20250820_001627 - INFO - Salp 4: 0.6985695437590606
2025-08-20 00:16:31 - experiment_sso_3a81ff3f_svm_camel-1.4_20250820_001627 - INFO - Salp 5: 0.7292075643803039 -New best
2025-08-20 00:16:32 - experiment_sso_3a81ff3f_svm_camel-1.4_20250820_001627 - INFO - Salp 6: 0.6248565797403612
2025-08-20 00:16:32 - experiment_sso_3a81ff3f_svm_camel-1.4_20250820_001627 - INFO - Salp 7: 0.70956786604336
2025-08-20 00:16:33 - experiment_sso_3a81ff3f_svm_camel-1.4_20250820_001627 - INFO - Salp 8: 0.716251689932077
2025-08-20 00:16:33 - experiment_sso_3a81ff3f_svm_camel-1.4_20250820_001627 - INFO - Salp 9: 0.7089544410600557
2025-08-20 00:16:34 - experiment_sso_3a81ff3f_svm_camel-1.4_20250820_001627 - INFO - Salp 10: 0.6955376020067435
2025-08-20 00:16:34 - experiment_sso_3a81ff3f_svm_camel-1.4_20250820_001627 - INFO - Salp 11: 0.5681038554884108
