2025-08-29 23:26:47 - experiment_asso_3a81ff3f_svm_xalan-2.6_20250829_232647 - WARNING - MLflow not installed, proceeding without MLflow tracking
2025-08-29 23:26:47 - experiment_asso_3a81ff3f_svm_xalan-2.6_20250829_232647 - INFO - ================================================================================
2025-08-29 23:26:47 - experiment_asso_3a81ff3f_svm_xalan-2.6_20250829_232647 - INFO - STARTING ML EXPERIMENT: asso_3a81ff3f_svm_xalan-2.6_20250829_232647
2025-08-29 23:26:47 - experiment_asso_3a81ff3f_svm_xalan-2.6_20250829_232647 - INFO - Dataset: xalan-2.6
2025-08-29 23:26:47 - experiment_asso_3a81ff3f_svm_xalan-2.6_20250829_232647 - INFO - Model: svm
2025-08-29 23:26:47 - experiment_asso_3a81ff3f_svm_xalan-2.6_20250829_232647 - INFO - HPO Method: asso
2025-08-29 23:26:47 - experiment_asso_3a81ff3f_svm_xalan-2.6_20250829_232647 - INFO - Start Time: 2025-08-29 23:26:47.642282
2025-08-29 23:26:47 - experiment_asso_3a81ff3f_svm_xalan-2.6_20250829_232647 - INFO - ================================================================================
2025-08-29 23:26:47 - experiment_asso_3a81ff3f_svm_xalan-2.6_20250829_232647 - INFO - Loading xalan-2.6.csv dataset from data/PROMISE/interim
2025-08-29 23:26:47 - experiment_asso_3a81ff3f_svm_xalan-2.6_20250829_232647 - INFO - Dataset loaded succesufully
2025-08-29 23:26:47 - experiment_asso_3a81ff3f_svm_xalan-2.6_20250829_232647 - INFO - 
2025-08-29 23:26:47 - experiment_asso_3a81ff3f_svm_xalan-2.6_20250829_232647 - INFO - Handelling missing values: No missing values found
2025-08-29 23:26:47 - experiment_asso_3a81ff3f_svm_xalan-2.6_20250829_232647 - INFO - Separating the features and target variable from the DataFrame
2025-08-29 23:26:47 - experiment_asso_3a81ff3f_svm_xalan-2.6_20250829_232647 - WARNING - Feature selection: Disabled in config, proceed without feature selction
2025-08-29 23:26:47 - experiment_asso_3a81ff3f_svm_xalan-2.6_20250829_232647 - INFO - Scaling numeric features using standard method
2025-08-29 23:26:47 - experiment_asso_3a81ff3f_svm_xalan-2.6_20250829_232647 - INFO - Encoding Target
2025-08-29 23:26:47 - experiment_asso_3a81ff3f_svm_xalan-2.6_20250829_232647 - INFO - --------------------------------------------------------------------------------
2025-08-29 23:26:47 - experiment_asso_3a81ff3f_svm_xalan-2.6_20250829_232647 - INFO - Starting SSO (ASSO baseline)
2025-08-29 23:26:47 - experiment_asso_3a81ff3f_svm_xalan-2.6_20250829_232647 - INFO - Model: <src.models.svm.SVM_Wrapper object at 0x7f8942cdde00>
2025-08-29 23:26:47 - experiment_asso_3a81ff3f_svm_xalan-2.6_20250829_232647 - INFO - Max iterations: 40, Number of salps: 30
2025-08-29 23:26:47 - experiment_asso_3a81ff3f_svm_xalan-2.6_20250829_232647 - INFO - Strategy: basic
2025-08-29 23:26:47 - experiment_asso_3a81ff3f_svm_xalan-2.6_20250829_232647 - INFO - Transformation function: baseline
2025-08-29 23:26:47 - experiment_asso_3a81ff3f_svm_xalan-2.6_20250829_232647 - INFO - Initialization: evaluating 30 salps
2025-08-29 23:26:48 - experiment_asso_3a81ff3f_svm_xalan-2.6_20250829_232647 - INFO - Salp 1: 0.5073477226306148 - New best
2025-08-29 23:26:48 - experiment_asso_3a81ff3f_svm_xalan-2.6_20250829_232647 - INFO - Salp 2: 0.7862352729411075 - New best
2025-08-29 23:26:50 - experiment_asso_3a81ff3f_svm_xalan-2.6_20250829_232647 - INFO - Salp 3: 0.7076696110638167
2025-08-29 23:26:50 - experiment_asso_3a81ff3f_svm_xalan-2.6_20250829_232647 - INFO - Salp 4: 0.7837657965322081
